服务已启动
/login.html
/01.jpg
/login.js
/getData
/login.html
/01.jpg
/login.js
/getData
服务已启动
/login.html
/01.jpg
/login.js
/getData
/login.html
/01.jpg
/login.js
/getData
服务已启动
服务已启动
服务已启动
/page/login.html
/favicon.ico
/page/login.html
/page/login.html
/page/login.html
/login.html
/01.jpg
/login.js
/getData
/login.html
/01.jpg
/login.js
服务已启动
/login.html
/011.jpg
/login.js
/getData
服务已启动
/login.html
/011.jpg
/login.js
/getData
服务已启动
/login.html
/011.jpg
/login.js
/getData
服务已启动
/login.html
/login.html
服务已启动
/login.html
/login.html
服务已启动
/login.html
/011.jpg
/login.js
/getData
服务已启动
/login.html
/011.jpg
/login.js
/getData
服务已启动
/login.html
/011.jpg
/login.js
/getData
服务已启动
/login.html
/011.jpg
/login.js
/getData
服务已启动
/login.html
/011.jpg
/login.js
/getData
服务已启动2020 May 07, 4:35:31 pm
/login.html2020 May 07, 4:36:00 pm
/login.js2020 May 07, 4:36:00 pm
服务已启动2020 05 07, 4:36:45 pm
服务已启动2020 05 07, 16:37:52 pm
/login.html2020 05 07, 16:39:02 pm
/login.js2020 05 07, 16:39:02 pm
服务已启动 (时间:2020 05 07, 16:40:44 pm)
/login.html (时间:2020 05 07, 16:40:54 pm)
/login.js (时间:2020 05 07, 16:40:54 pm)
/login.html (时间:2020 05 07, 16:41:08 pm)
/login.js (时间:2020 05 07, 16:41:08 pm)
服务已启动 (时间:2020 05 07, 16:55:19 pm)
/login.html (时间:2020 05 07, 16:55:25 pm)
/login.js (时间:2020 05 07, 16:55:25 pm)
/login (时间:2020 05 07, 16:55:39 pm)
服务已启动 (时间:2020 05 07, 16:58:24 pm)
/login.html (时间:2020 05 07, 16:58:26 pm)
/login.js (时间:2020 05 07, 16:58:26 pm)
/login (时间:2020 05 07, 16:58:50 pm)
服务已启动 (时间:2020 05 07, 17:02:23 pm)
/login (时间:2020 05 07, 17:02:28 pm)
服务已启动 (时间:2020 05 07, 17:03:36 pm)
/login (时间:2020 05 07, 17:03:41 pm)
服务已启动 (时间:2020 05 07, 17:05:11 pm)
/login.html (时间:2020 05 07, 17:05:15 pm)
/login.js (时间:2020 05 07, 17:05:15 pm)
/login (时间:2020 05 07, 17:05:26 pm)
服务已启动 (时间:2020 05 07, 17:11:29 pm)
/login (时间:2020 05 07, 17:11:46 pm)
服务已启动 (时间:2020 05 07, 17:12:11 pm)
/login (时间:2020 05 07, 17:12:17 pm)
服务已启动 (时间:2020 05 07, 17:12:45 pm)
/login (时间:2020 05 07, 17:12:48 pm)
服务已启动 (时间:2020 05 07, 20:22:27 pm)
/login (时间:2020 05 07, 20:22:36 pm)
服务已启动 (时间:2020 05 07, 20:23:54 pm)
/login (时间:2020 05 07, 20:24:01 pm)
服务已启动 (时间:2020 05 07, 20:27:12 pm)
/login (时间:2020 05 07, 20:27:18 pm)
服务已启动 (时间:2020 05 07, 20:29:51 pm)
/login (时间:2020 05 07, 20:30:10 pm)
服务已启动 (时间:2020 05 07, 20:42:50 pm)
/login.html (时间:2020 05 07, 20:42:58 pm)
/login.js (时间:2020 05 07, 20:42:58 pm)
/login.html (时间:2020 05 07, 20:43:00 pm)
/login.js (时间:2020 05 07, 20:43:00 pm)
/login.html (时间:2020 05 07, 20:43:12 pm)
/login.js (时间:2020 05 07, 20:43:13 pm)
/login (时间:2020 05 07, 20:43:31 pm)
服务已启动 (时间:2020 05 07, 20:55:56 pm)
/login (时间:2020 05 07, 20:55:59 pm)
/login (时间:2020 05 07, 20:56:03 pm)
/login (时间:2020 05 07, 20:56:09 pm)
/login (时间:2020 05 07, 20:56:12 pm)
/login (时间:2020 05 07, 20:56:21 pm)
/login (时间:2020 05 07, 20:56:23 pm)
/login (时间:2020 05 07, 20:56:24 pm)
/login (时间:2020 05 07, 20:56:44 pm)
/login (时间:2020 05 07, 20:56:51 pm)
/login (时间:2020 05 07, 20:56:55 pm)
/login (时间:2020 05 07, 20:57:00 pm)
/login (时间:2020 05 07, 20:57:02 pm)
/login (时间:2020 05 07, 20:57:08 pm)
/login (时间:2020 05 07, 20:57:10 pm)
/login (时间:2020 05 07, 20:57:12 pm)
/login (时间:2020 05 07, 21:04:55 pm)
/login.html (时间:2020 05 07, 21:05:14 pm)
/login.js (时间:2020 05 07, 21:05:14 pm)
/login (时间:2020 05 07, 21:05:21 pm)
服务已启动 (时间:2020 05 07, 21:08:37 pm)
服务已启动 (时间:2020 05 07, 21:08:59 pm)
服务已启动 (时间:2020 05 07, 21:09:30 pm)
服务已启动 (时间:2020 05 07, 21:09:32 pm)
服务已启动 (时间:2020 05 07, 21:10:57 pm)
/login (时间:2020 05 07, 21:31:39 pm)
服务已启动 (时间:2020 05 07, 21:37:26 pm)
服务已启动 (时间:2020 05 07, 21:51:10 pm)
服务已启动 (时间:2020 05 07, 21:52:17 pm)
服务已启动 (时间:2020 05 07, 21:53:30 pm)
/login (时间:2020 05 07, 21:53:35 pm)
/login (时间:2020 05 07, 21:53:43 pm)
/login.html (时间:2020 05 07, 21:53:49 pm)
/login.js (时间:2020 05 07, 21:53:49 pm)
/login (时间:2020 05 07, 21:53:57 pm)
/login (时间:2020 05 07, 21:54:04 pm)
/login (时间:2020 05 07, 21:54:06 pm)
/login (时间:2020 05 07, 21:54:07 pm)
/login (时间:2020 05 07, 21:54:08 pm)
/login (时间:2020 05 07, 21:54:08 pm)
/login (时间:2020 05 07, 21:54:09 pm)
/login (时间:2020 05 07, 21:54:09 pm)
/login (时间:2020 05 07, 21:54:10 pm)
/login (时间:2020 05 07, 21:54:10 pm)
/login (时间:2020 05 07, 21:54:10 pm)
/login (时间:2020 05 07, 21:54:11 pm)
/login (时间:2020 05 07, 21:54:11 pm)
/login (时间:2020 05 07, 21:54:11 pm)
/login (时间:2020 05 07, 21:54:12 pm)
/login.html (时间:2020 05 07, 21:54:13 pm)
/login.js (时间:2020 05 07, 21:54:13 pm)
/login.html (时间:2020 05 07, 21:54:34 pm)
/login.js (时间:2020 05 07, 21:54:35 pm)
/login (时间:2020 05 07, 21:54:39 pm)
/login.html (时间:2020 05 07, 21:54:46 pm)
/login.js (时间:2020 05 07, 21:54:46 pm)
/login (时间:2020 05 07, 21:54:52 pm)
/login (时间:2020 05 07, 21:54:54 pm)
/login (时间:2020 05 07, 21:54:55 pm)
/login (时间:2020 05 07, 21:54:56 pm)
/login (时间:2020 05 07, 21:54:57 pm)
/login (时间:2020 05 07, 21:54:58 pm)
/login (时间:2020 05 07, 21:54:59 pm)
/login (时间:2020 05 07, 21:55:00 pm)
/login (时间:2020 05 07, 21:55:00 pm)
/login (时间:2020 05 07, 21:55:01 pm)
/login.html (时间:2020 05 07, 21:57:09 pm)
/login.js (时间:2020 05 07, 21:57:09 pm)
服务已启动 (时间:2020 05 07, 21:58:12 pm)
/login.html (时间:2020 05 07, 22:02:04 pm)
/login.js (时间:2020 05 07, 22:02:04 pm)
/login (时间:2020 05 07, 22:02:11 pm)
/login (时间:2020 05 07, 22:02:13 pm)
/login.html (时间:2020 05 07, 22:02:46 pm)
/login.js (时间:2020 05 07, 22:02:46 pm)
/login (时间:2020 05 07, 22:02:52 pm)
/login (时间:2020 05 07, 22:02:55 pm)
/login (时间:2020 05 07, 22:02:58 pm)
/login (时间:2020 05 07, 22:03:00 pm)
/login (时间:2020 05 07, 22:03:02 pm)
/login (时间:2020 05 07, 22:03:06 pm)
/login (时间:2020 05 08, 7:59:02 am)
/login.html (时间:2020 05 08, 7:59:06 am)
/login.js (时间:2020 05 08, 7:59:06 am)
/login (时间:2020 05 08, 7:59:13 am)
/main.html (时间:2020 05 08, 7:59:14 am)
/login.html (时间:2020 05 08, 8:07:07 am)
/login.js (时间:2020 05 08, 8:07:07 am)
/login.html (时间:2020 05 08, 8:07:09 am)
/login.js (时间:2020 05 08, 8:07:09 am)
/login (时间:2020 05 08, 8:07:16 am)
服务已启动 (时间:2020 05 08, 8:43:12 am)
/login.html (时间:2020 05 08, 8:43:18 am)
/login.js (时间:2020 05 08, 8:43:18 am)
/login.html (时间:2020 05 08, 8:43:21 am)
/login.js (时间:2020 05 08, 8:43:21 am)
/login (时间:2020 05 08, 8:43:27 am)
/main.html (时间:2020 05 08, 8:43:27 am)
服务已启动 (时间:2020 05 08, 8:43:49 am)
/login.html (时间:2020 05 08, 8:43:51 am)
/login.js (时间:2020 05 08, 8:43:51 am)
/login (时间:2020 05 08, 8:43:57 am)
/main1.html (时间:2020 05 08, 8:43:57 am)
服务已启动 (时间:2020 05 08, 8:44:08 am)
/login.html (时间:2020 05 08, 8:44:10 am)
/login.js (时间:2020 05 08, 8:44:10 am)
/login (时间:2020 05 08, 8:44:13 am)
/main.html (时间:2020 05 08, 8:44:13 am)
/login.html (时间:2020 05 08, 8:56:49 am)
/login.js (时间:2020 05 08, 8:56:49 am)
/login (时间:2020 05 08, 8:56:55 am)
/main.html (时间:2020 05 08, 8:56:55 am)
服务已启动 (时间:2020 05 08, 8:57:03 am)
/login.html (时间:2020 05 08, 8:57:05 am)
/login.js (时间:2020 05 08, 8:57:05 am)
/login (时间:2020 05 08, 8:57:07 am)
/error.html (时间:2020 05 08, 8:57:07 am)
/login.html (时间:2020 05 08, 8:57:08 am)
/login.js (时间:2020 05 08, 8:57:08 am)
/login (时间:2020 05 08, 8:57:12 am)
/error.html (时间:2020 05 08, 8:57:12 am)
/login.html (时间:2020 05 08, 8:57:13 am)
/login.js (时间:2020 05 08, 8:57:13 am)
/login (时间:2020 05 08, 8:57:16 am)
/main.html (时间:2020 05 08, 8:57:16 am)
服务已启动 (时间:2020 05 08, 9:03:41 am)
/login.html (时间:2020 05 08, 9:03:56 am)
/login.js (时间:2020 05 08, 9:03:56 am)
/login (时间:2020 05 08, 9:04:00 am)
/error.html (时间:2020 05 08, 9:04:00 am)
/login.html (时间:2020 05 08, 9:04:01 am)
/login.js (时间:2020 05 08, 9:04:01 am)
/login (时间:2020 05 08, 9:04:05 am)
/main.html (时间:2020 05 08, 9:04:05 am)
/login (时间:2020 05 08, 9:09:55 am)
/login (时间:2020 05 08, 9:09:57 am)
服务已启动 (时间:2020 05 08, 11:08:37 am)
服务已启动 (时间:2020 05 08, 11:09:08 am)
服务已启动 (时间:2020 05 08, 11:10:33 am)
服务已启动 (时间:2020 05 08, 11:10:48 am)
服务已启动 (时间:2020 05 08, 11:12:49 am)
/page/login.html (时间:2020 05 08, 11:12:52 am)
服务已启动 (时间:2020 05 08, 11:13:23 am)
/page/login.html (时间:2020 05 08, 11:13:30 am)
服务已启动 (时间:2020 05 08, 11:14:49 am)
/page/login.html (时间:2020 05 08, 11:14:52 am)
/page/login.html (时间:2020 05 08, 11:16:52 am)
服务已启动 (时间:2020 05 08, 11:18:10 am)
/page/login.html (时间:2020 05 08, 11:18:13 am)
/login.html (时间:2020 05 08, 11:18:13 am)
/login.js (时间:2020 05 08, 11:18:13 am)
/login.html (时间:2020 05 08, 11:18:13 am)
/main.html (时间:2020 05 08, 11:18:21 am)
/login.html (时间:2020 05 08, 11:18:21 am)
/login.js (时间:2020 05 08, 11:18:21 am)
/login.html (时间:2020 05 08, 11:18:21 am)
/login1.html (时间:2020 05 08, 11:18:27 am)
/login.html (时间:2020 05 08, 11:18:27 am)
/login.js (时间:2020 05 08, 11:18:27 am)
/login.html (时间:2020 05 08, 11:18:27 am)
/error.html (时间:2020 05 08, 11:18:35 am)
/login.html (时间:2020 05 08, 11:18:35 am)
/login.js (时间:2020 05 08, 11:18:35 am)
/login.html (时间:2020 05 08, 11:18:35 am)
服务已启动 (时间:2020 05 08, 11:19:10 am)
/login.html (时间:2020 05 08, 11:19:16 am)
/login.js (时间:2020 05 08, 11:19:16 am)
/index.html (时间:2020 05 08, 11:19:21 am)
/main.html (时间:2020 05 08, 11:19:28 am)
/error.html (时间:2020 05 08, 11:19:33 am)
/index.html (时间:2020 05 08, 11:19:38 am)
/main.html (时间:2020 05 08, 11:19:44 am)
/show.html (时间:2020 05 08, 11:19:49 am)
服务已启动 (时间:2020 05 08, 11:19:56 am)
/index.html (时间:2020 05 08, 11:20:04 am)
/login.html (时间:2020 05 08, 11:20:04 am)
/login.js (时间:2020 05 08, 11:20:04 am)
/login.html (时间:2020 05 08, 11:20:04 am)
/main.html (时间:2020 05 08, 11:20:09 am)
/login.html (时间:2020 05 08, 11:20:09 am)
/login.js (时间:2020 05 08, 11:20:09 am)
/login.html (时间:2020 05 08, 11:20:09 am)
服务已启动 (时间:2020 05 08, 11:32:19 am)
/login.html (时间:2020 05 08, 11:32:25 am)
/login.js (时间:2020 05 08, 11:32:25 am)
/main.html (时间:2020 05 08, 11:32:33 am)
/login.html (时间:2020 05 08, 11:32:33 am)
/login.js (时间:2020 05 08, 11:32:33 am)
服务已启动 (时间:2020 05 08, 11:32:59 am)
/login.html (时间:2020 05 08, 11:33:03 am)
/login.js (时间:2020 05 08, 11:33:03 am)
/login.html (时间:2020 05 08, 11:33:03 am)
/main.html (时间:2020 05 08, 11:33:21 am)
/login.html (时间:2020 05 08, 11:33:21 am)
/login.js (时间:2020 05 08, 11:33:21 am)
/login.html (时间:2020 05 08, 11:33:21 am)
服务已启动 (时间:2020 05 08, 11:34:26 am)
/login.html (时间:2020 05 08, 11:34:30 am)
/login.js (时间:2020 05 08, 11:34:30 am)
/main.html (时间:2020 05 08, 11:34:42 am)
/login.html (时间:2020 05 08, 11:34:42 am)
/login.js (时间:2020 05 08, 11:34:42 am)
/login (时间:2020 05 08, 11:35:52 am)
/main.html (时间:2020 05 08, 11:35:52 am)
/login.html (时间:2020 05 08, 11:35:52 am)
/login.js (时间:2020 05 08, 11:35:53 am)
服务已启动 (时间:2020 05 08, 11:37:46 am)
/login (时间:2020 05 08, 11:37:56 am)
/main.html (时间:2020 05 08, 11:37:57 am)
/login.html (时间:2020 05 08, 11:38:48 am)
/login.js (时间:2020 05 08, 11:38:48 am)
/main.html (时间:2020 05 08, 11:38:59 am)
/main.html (时间:2020 05 08, 14:58:41 pm)
/main.html (时间:2020 05 08, 14:58:23 pm)
/login.html (时间:2020 05 08, 14:58:42 pm)
/login.js (时间:2020 05 08, 14:58:42 pm)
/main.html (时间:2020 05 08, 14:58:51 pm)
/login.html (时间:2020 05 08, 15:04:10 pm)
/login.js (时间:2020 05 08, 15:04:10 pm)
/main.html (时间:2020 05 08, 15:04:33 pm)
/login.html (时间:2020 05 08, 15:04:48 pm)
/login.js (时间:2020 05 08, 15:04:48 pm)
/login (时间:2020 05 08, 15:11:13 pm)
服务已启动 (时间:2020 05 08, 15:11:23 pm)
/error.html (时间:2020 05 08, 15:11:24 pm)
/login.html (时间:2020 05 08, 15:11:32 pm)
/login.js (时间:2020 05 08, 15:11:32 pm)
/login (时间:2020 05 08, 15:11:37 pm)
/error.html (时间:2020 05 08, 15:11:37 pm)
/main.html (时间:2020 05 08, 15:13:09 pm)
/main.html (时间:2020 05 08, 15:13:32 pm)
/login.html (时间:2020 05 08, 15:13:32 pm)
/login.js (时间:2020 05 08, 15:13:32 pm)
/login (时间:2020 05 08, 15:13:44 pm)
/error.html (时间:2020 05 08, 15:13:44 pm)
/login.html (时间:2020 05 08, 15:13:44 pm)
/login.js (时间:2020 05 08, 15:13:44 pm)
/login (时间:2020 05 08, 15:14:00 pm)
/error.html (时间:2020 05 08, 15:14:00 pm)
/login.html (时间:2020 05 08, 15:14:00 pm)
/login.js (时间:2020 05 08, 15:14:00 pm)
/login (时间:2020 05 08, 15:14:10 pm)
/main.html (时间:2020 05 08, 15:14:10 pm)
/login.html (时间:2020 05 08, 15:14:13 pm)
/login.js (时间:2020 05 08, 15:14:13 pm)
/main.html (时间:2020 05 08, 15:14:16 pm)
/main.html (时间:2020 05 08, 15:14:25 pm)
服务已启动 (时间:2020 05 08, 15:15:00 pm)
/main.html (时间:2020 05 08, 15:15:03 pm)
